Running: C:\Xilinx\14.7\ISE_DS\ISE\bin\nt\unwrapped\fuse.exe -intstyle ise -incremental -lib unisims_ver -lib unimacro_ver -lib xilinxcorelib_ver -lib secureip -o C:/Users/jinshenghao/mips/mips_tb_isim_beh.exe -prj C:/Users/jinshenghao/mips/mips_tb_beh.prj work.mips_tb work.glbl 
ISim P.20131013 (signature 0x8ef4fb42)
Number of CPUs detected in this system: 8
Turning on mult-threading, number of parallel sub-compilation jobs: 16 
Determining compilation order of HDL files
Analyzing Verilog file "C:/Users/jinshenghao/mips/NPC.v" into library work
Analyzing Verilog file "C:/Users/jinshenghao/mips/MUX.v" into library work
Analyzing Verilog file "C:/Users/jinshenghao/mips/IFU.v" into library work
Analyzing Verilog file "C:/Users/jinshenghao/mips/GRF.v" into library work
Analyzing Verilog file "C:/Users/jinshenghao/mips/DM.v" into library work
Analyzing Verilog file "C:/Users/jinshenghao/mips/Controller.v" into library work
Analyzing Verilog file "C:/Users/jinshenghao/mips/ALU.v" into library work
Analyzing Verilog file "C:/Users/jinshenghao/mips/mips.v" into library work
Analyzing Verilog file "C:/Users/jinshenghao/mips/mips_tb.v" into library work
Analyzing Verilog file "C:/Xilinx/14.7/ISE_DS/ISE//verilog/src/glbl.v" into library work
Starting static elaboration
Completed static elaboration
Fuse Memory Usage: 159184 KB
Fuse CPU Usage: 249 ms
Compiling module IFU
Compiling module Controller
Compiling module NPC
Compiling module RegA_MUX
Compiling module RegD_MUX
Compiling module GRF
Compiling module ALUdataB_MUX
Compiling module ALU
Compiling module DM
Compiling module mips
Compiling module mips_tb
Compiling module glbl
Time Resolution for simulation is 1ps.
Waiting for 1 sub-compilation(s) to finish...
Compiled 12 Verilog Units
Built simulation executable C:/Users/jinshenghao/mips/mips_tb_isim_beh.exe
Fuse Memory Usage: 168756 KB
Fuse CPU Usage: 405 ms
