ISim log file
Running: C:\Users\jinshenghao\mips\mips_tb_isim_beh.exe -intstyle ise -gui -tclbatch isim.cmd -wdb C:/Users/jinshenghao/mips/mips_tb_isim_beh.wdb 
ISim P.20131013 (signature 0x8ef4fb42)
This is a Full version of ISim.
Time resolution is 1 ps
# onerror resume
# wave add /
# run 1000 ns
Simulator is doing circuit initialization process.
Finished circuit initialization process.
@00003000: $ 2 <= 8caf0000
@00003004: $ 2 <= 8cafc457
@00003008: $ 3 <= f0d50000
@0000300c: $ 3 <= f0d5bfe3
@00003010: $ 4 <= 66d90000
@00003014: $ 4 <= 66d93ecd
@00003018: $ 5 <= 1ef40000
@0000301c: $ 5 <= 1ef486d6
@00003020: $ 6 <= 673a0000
@00003024: $ 6 <= 673aa0ab
@00003028: $ 7 <= 661c0000
@0000302c: $ 7 <= 661ca506
@00003030: $ 8 <= 955c0000
@00003034: $ 8 <= 955c1f67
@00003038: $ 9 <= ca9c0000
@0000303c: $ 9 <= ca9c1733
@00003040: $10 <= 35720000
@00003044: $10 <= 35723a3a
@00003048: $11 <= ec010000
@0000304c: $11 <= ec01da36
@00003050: $12 <= bf440000
@00003054: $12 <= bf441310
@00003058: $13 <= 1ded0000
@0000305c: $13 <= 1ded1bd4
@00003060: $14 <= b07b0000
@00003064: $14 <= b07beb3a
@00003068: $15 <= 798d0000
@0000306c: $15 <= 798d4598
@00003070: $16 <= 24250000
@00003074: $16 <= 2425ded7
@00003078: $17 <= 23390000
@0000307c: $17 <= 23390bcd
@00003080: $18 <= 2afb0000
@00003084: $18 <= 2afb46a9
@00003088: $19 <= 24ff0000
@0000308c: $19 <= 24ff4f8a
@00003090: $20 <= 2d990000
@00003094: $20 <= 2d999a5b
@00003098: $21 <= aa980000
@0000309c: $21 <= aa98c49c
@000030a0: $22 <= 341c0000
@000030a4: $22 <= 341caf0f
@000030a8: $23 <= ef490000
@000030ac: $23 <= ef49e277
@000030b0: $24 <= 1f210000
@000030b4: $24 <= 1f2129ec
@000030b8: $25 <= 06360000
@000030bc: $25 <= 0636d4d7
@000030c0: $26 <= 21a60000
@000030c4: $26 <= 21a637de
@000030c8: $27 <= 50d40000
@000030cc: $27 <= 50d4cffa
@000030d0: *00000000 <= 23390bcd
@000030d4: *00000004 <= 00000000
@000030d8: *00000008 <= f0d5bfe3
@000030dc: *0000000c <= f0d5bfe3
@000030e0: *00000010 <= aa98c49c
@000030e4: *00000014 <= 2d999a5b
@000030e8: *00000018 <= b07beb3a
@000030ec: *0000001c <= 1ef486d6
@000030f0: *00000020 <= f0d5bfe3
@000030f4: *00000024 <= 00000000
@000030f8: *00000028 <= 35723a3a
@000030fc: *0000002c <= aa98c49c
@00003100: *00000030 <= ef49e277
@00003104: *00000034 <= 00000000
@00003108: *00000038 <= 00000000
@0000310c: *0000003c <= aa98c49c
@00003110: *00000040 <= 1ded1bd4
@00003114: *00000044 <= 661ca506
@00003118: *00000048 <= 1ef486d6
@0000311c: *0000004c <= 24ff4f8a
@00003120: *00000050 <= 24ff4f8a
@00003124: *00000054 <= 661ca506
@00003128: *00000058 <= 66d93ecd
@0000312c: *0000005c <= 23390bcd
@00003130: *00000060 <= 2d999a5b
@00003134: *00000064 <= ec01da36
@00003138: *00000068 <= 35723a3a
@0000313c: *0000006c <= 955c1f67
@00003140: *00000070 <= 1ded1bd4
@00003144: *00000074 <= 24ff4f8a
@00003148: *00000078 <= 50d4cffa
@0000314c: *0000007c <= ef49e277
@00003150: *00000080 <= 0636d4d7
@00003154: *00000084 <= 0636d4d7
@00003158: *00000088 <= ec01da36
@0000315c: *0000008c <= 2d999a5b
@00003160: *00000090 <= 1ded1bd4
@00003164: *00000094 <= 2d999a5b
@00003168: *00000098 <= ef49e277
@0000316c: *0000009c <= 8cafc457
@00003170: *000000a0 <= f0d5bfe3
@00003174: *000000a4 <= 1ded1bd4
@00003178: *000000a8 <= 1f2129ec
@0000317c: *000000ac <= 661ca506
@00003180: *000000b0 <= 341caf0f
@00003184: *000000b4 <= 23390bcd
@00003188: *000000b8 <= 00000000
@0000318c: *000000bc <= 955c1f67
@00003190: *000000c0 <= 0636d4d7
@00003194: *000000c4 <= 0636d4d7
@00003198: *000000c8 <= 8cafc457
@0000319c: *000000cc <= bf441310
@000031a0: *000000d0 <= 2425ded7
@000031a4: *000000d4 <= f0d5bfe3
@000031a8: *000000d8 <= ca9c1733
@000031ac: *000000dc <= 2425ded7
@000031b0: *000000e0 <= 00000000
@000031b4: *000000e4 <= 00000000
@000031b8: *000000e8 <= 1ded1bd4
@000031bc: *000000ec <= 50d4cffa
@000031c0: *000000f0 <= 00000000
@000031c4: *000000f4 <= 66d93ecd
@000031c8: *000000f8 <= 66d93ecd
@000031cc: *000000fc <= 955c1f67
@000031d0: *00000100 <= 35723a3a
@000031d4: *00000104 <= 1f2129ec
@000031d8: *00000108 <= b07beb3a
@000031dc: *0000010c <= 23390bcd
@000031e0: *00000110 <= 00000000
@000031e4: *00000114 <= aa98c49c
@000031e8: *00000118 <= 661ca506
@000031ec: *0000011c <= 00000000
@000031f0: *00000120 <= 673aa0ab
@000031f4: *00000124 <= 1ef486d6
@000031f8: *00000128 <= 2425ded7
@000031fc: *0000012c <= b07beb3a
@00003200: *00000130 <= 1f2129ec
@00003204: *00000134 <= aa98c49c
@00003208: *00000138 <= 00000000
@0000320c: *0000013c <= 50d4cffa
@00003210: *00000140 <= 0636d4d7
@00003214: *00000144 <= b07beb3a
@00003218: *00000148 <= 24ff4f8a
@0000321c: *0000014c <= 21a637de
@00003220: *00000150 <= 1f2129ec
@00003224: *00000154 <= 8cafc457
@00003228: *00000158 <= 661ca506
@0000322c: *0000015c <= 8cafc457
@00003230: *00000160 <= 2425ded7
@00003234: *00000164 <= 1f2129ec
@00003238: *00000168 <= 341caf0f
@0000323c: *0000016c <= 00000000
@00003240: *00000170 <= ec01da36
@00003244: *00000174 <= 21a637de
@00003248: *00000178 <= ca9c1733
@0000324c: *0000017c <= 00000000
@00003250: *00000180 <= 00000000
@00003254: *00000184 <= 2afb46a9
@00003258: *00000188 <= 673aa0ab
@0000325c: *0000018c <= f0d5bfe3
@00003260: *00000190 <= 50d4cffa
@00003264: $31 <= 00003f00
@00003268: $29 <= 00002f00
@0000326c: $21 <= 798d5fdb
@00003270: $14 <= 48385b57
@00003278: $ 0 <= cb2403a0
@0000327c: $12 <= 1f21adee
@00003280: $15 <= 0000009c
@00003284: $ 9 <= 0636d4d7
@00003288: $12 <= 853e52f4
@0000328c: $ 2 <= 542e0000
@00003290: $22 <= db00b076
@00003294: $17 <= 00000120
@00003298: $24 <= b07beb3a
@0000329c: $20 <= 1ef486d6
@000032a0: $ 2 <= 00000004
@000032a4: $29 <= 00002efc
@000032a8: *00002f00 <= 00003f00
@000032ac: $31 <= 000032b0
@00003320: $20 <= 5466c110
@00003324: $18 <= e5a00000
@0000332c: $ 0 <= 5f2d5fdb
@000032b0: $ 2 <= 00000004
@000032b4: $31 <= 00003f00
@000032b8: $29 <= 00002f00
@000032bc: $ 6 <= 00007a5f
@000032c0: $ 8 <= ef49fbf7
@00004000: $ 2 <= 8caf0000
@00004004: $ 2 <= 8cafc457
@00004008: $ 3 <= f0d50000
@0000400c: $ 3 <= f0d5bfe3
@00004010: $ 4 <= 66d90000
@00004014: $ 4 <= 66d93ecd
@00004018: $ 5 <= 1ef40000
@0000401c: $ 5 <= 1ef486d6
@00004020: $ 6 <= 673a0000
@00004024: $ 6 <= 673aa0ab
@00004028: $ 7 <= 661c0000
@0000402c: $ 7 <= 661ca506
@00004030: $ 8 <= 955c0000
@00004034: $ 8 <= 955c1f67
@00004038: $ 9 <= ca9c0000
@0000403c: $ 9 <= ca9c1733
@00004040: $10 <= 35720000
@00004044: $10 <= 35723a3a
@00004048: $11 <= ec010000
@0000404c: $11 <= ec01da36
@00004050: $12 <= bf440000
@00004054: $12 <= bf441310
@00004058: $13 <= 1ded0000
@0000405c: $13 <= 1ded1bd4
@00004060: $14 <= b07b0000
@00004064: $14 <= b07beb3a
@00004068: $15 <= 798d0000
@0000406c: $15 <= 798d4598
@00004070: $16 <= 24250000
@00004074: $16 <= 2425ded7
@00004078: $17 <= 23390000
@0000407c: $17 <= 23390bcd
@00004080: $18 <= 2afb0000
@00004084: $18 <= 2afb46a9
@00004088: $19 <= 24ff0000
@0000408c: $19 <= 24ff4f8a
@00004090: $20 <= 2d990000
@00004094: $20 <= 2d999a5b
@00004098: $21 <= aa980000
@0000409c: $21 <= aa98c49c
@000040a0: $22 <= 341c0000
@000040a4: $22 <= 341caf0f
@000040a8: $23 <= ef490000
@000040ac: $23 <= ef49e277
@000040b0: $24 <= 1f210000
@000040b4: $24 <= 1f2129ec
@000040b8: $25 <= 06360000
@000040bc: $25 <= 0636d4d7
@000040c0: $26 <= 21a60000
@000040c4: $26 <= 21a637de
@000040c8: $27 <= 50d40000
@000040cc: $27 <= 50d4cffa
@000040d0: *00000000 <= 23390bcd
@000040d4: *00000004 <= 00000000
@000040d8: *00000008 <= f0d5bfe3
@000040dc: *0000000c <= f0d5bfe3
@000040e0: *00000010 <= aa98c49c
@000040e4: *00000014 <= 2d999a5b
@000040e8: *00000018 <= b07beb3a
@000040ec: *0000001c <= 1ef486d6
@000040f0: *00000020 <= f0d5bfe3
@000040f4: *00000024 <= 00000000
@000040f8: *00000028 <= 35723a3a
@000040fc: *0000002c <= aa98c49c
@00004100: *00000030 <= ef49e277
@00004104: *00000034 <= 00000000
@00004108: *00000038 <= 00000000
@0000410c: *0000003c <= aa98c49c
@00004110: *00000040 <= 1ded1bd4
@00004114: *00000044 <= 661ca506
@00004118: *00000048 <= 1ef486d6
@0000411c: *0000004c <= 24ff4f8a
@00004120: *00000050 <= 24ff4f8a
@00004124: *00000054 <= 661ca506
@00004128: *00000058 <= 66d93ecd
@0000412c: *0000005c <= 23390bcd
@00004130: *00000060 <= 2d999a5b
@00004134: *00000064 <= ec01da36
@00004138: *00000068 <= 35723a3a
@0000413c: *0000006c <= 955c1f67
@00004140: *00000070 <= 1ded1bd4
@00004144: *00000074 <= 24ff4f8a
@00004148: *00000078 <= 50d4cffa
@0000414c: *0000007c <= ef49e277
@00004150: *00000080 <= 0636d4d7
@00004154: *00000084 <= 0636d4d7
@00004158: *00000088 <= ec01da36
@0000415c: *0000008c <= 2d999a5b
@00004160: *00000090 <= 1ded1bd4
@00004164: *00000094 <= 2d999a5b
@00004168: *00000098 <= ef49e277
@0000416c: *0000009c <= 8cafc457
@00004170: *000000a0 <= f0d5bfe3
@00004174: *000000a4 <= 1ded1bd4
@00004178: *000000a8 <= 1f2129ec
@0000417c: *000000ac <= 661ca506
@00004180: *000000b0 <= 341caf0f
@00004184: *000000b4 <= 23390bcd
@00004188: *000000b8 <= 00000000
@0000418c: *000000bc <= 955c1f67
@00004190: *000000c0 <= 0636d4d7
@00004194: *000000c4 <= 0636d4d7
@00004198: *000000c8 <= 8cafc457
@0000419c: *000000cc <= bf441310
@000041a0: *000000d0 <= 2425ded7
@000041a4: *000000d4 <= f0d5bfe3
@000041a8: *000000d8 <= ca9c1733
@000041ac: *000000dc <= 2425ded7
@000041b0: *000000e0 <= 00000000
@000041b4: *000000e4 <= 00000000
@000041b8: *000000e8 <= 1ded1bd4
@000041bc: *000000ec <= 50d4cffa
@000041c0: *000000f0 <= 00000000
@000041c4: *000000f4 <= 66d93ecd
@000041c8: *000000f8 <= 66d93ecd
@000041cc: *000000fc <= 955c1f67
@000041d0: *00000100 <= 35723a3a
@000041d4: *00000104 <= 1f2129ec
@000041d8: *00000108 <= b07beb3a
@000041dc: *0000010c <= 23390bcd
@000041e0: *00000110 <= 00000000
@000041e4: *00000114 <= aa98c49c
@000041e8: *00000118 <= 661ca506
@000041ec: *0000011c <= 00000000
@000041f0: *00000120 <= 673aa0ab
@000041f4: *00000124 <= 1ef486d6
@000041f8: *00000128 <= 2425ded7
@000041fc: *0000012c <= b07beb3a
@00004200: *00000130 <= 1f2129ec
@00004204: *00000134 <= aa98c49c
@00004208: *00000138 <= 00000000
@0000420c: *0000013c <= 50d4cffa
@00004210: *00000140 <= 0636d4d7
@00004214: *00000144 <= b07beb3a
@00004218: *00000148 <= 24ff4f8a
@0000421c: *0000014c <= 21a637de
@00004220: *00000150 <= 1f2129ec
@00004224: *00000154 <= 8cafc457
@00004228: *00000158 <= 661ca506
@0000422c: *0000015c <= 8cafc457
@00004230: *00000160 <= 2425ded7
@00004234: *00000164 <= 1f2129ec
@00004238: *00000168 <= 341caf0f
@0000423c: *0000016c <= 00000000
@00004240: *00000170 <= ec01da36
@00004244: *00000174 <= 21a637de
@00004248: *00000178 <= ca9c1733
@0000424c: *0000017c <= 00000000
@00004250: *00000180 <= 00000000
@00004254: *00000184 <= 2afb46a9
@00004258: *00000188 <= 673aa0ab
@0000425c: *0000018c <= f0d5bfe3
@00004260: *00000190 <= 50d4cffa
@00004264: $31 <= 00003f00
@00004268: $29 <= 00002f00
@0000426c: $21 <= 798d5fdb
@00004270: $14 <= 48385b57
@00004278: $ 0 <= cb2403a0
@0000427c: $12 <= 1f21adee
@00004280: $15 <= 0000009c
@00004284: $ 9 <= 0636d4d7
@00004288: $12 <= 853e52f4
@0000428c: $ 2 <= 542e0000
@00004290: $22 <= db00b076
@00004294: $17 <= 00000120
@00004298: $24 <= b07beb3a
@0000429c: $20 <= 1ef486d6
@000042a0: $ 2 <= 00000004
@000042a4: $29 <= 00002efc
@000042a8: *00002f00 <= 00003f00
@000042ac: $31 <= 000042b0
@00003320: $20 <= 5466c110
@00003324: $18 <= e5a00000
@0000332c: $ 0 <= 5f2d5fdb
@000042b0: $ 2 <= 00000004
@000042b4: $31 <= 00003f00
@000042b8: $29 <= 00002f00
@000042bc: $ 6 <= 00007a5f
@000042c0: $ 8 <= ef49fbf7
@00004000: $ 2 <= 8caf0000
@00004004: $ 2 <= 8cafc457
@00004008: $ 3 <= f0d50000
@0000400c: $ 3 <= f0d5bfe3
