Release 14.7 - xst P.20131013 (nt)
Copyright (c) 1995-2013 Xilinx, Inc.  All rights reserved.
--> Parameter TMPDIR set to xst/projnav.tmp


Total REAL time to Xst completion: 1.00 secs
Total CPU time to Xst completion: 0.10 secs
 
--> Parameter xsthdpdir set to xst


Total REAL time to Xst completion: 1.00 secs
Total CPU time to Xst completion: 0.10 secs
 
--> Reading design: mips.prj

TABLE OF CONTENTS
  1) Synthesis Options Summary
  2) HDL Parsing
  3) HDL Elaboration
  4) HDL Synthesis
       4.1) HDL Synthesis Report
  5) Advanced HDL Synthesis
       5.1) Advanced HDL Synthesis Report
  6) Low Level Synthesis
  7) Partition Report
  8) Design Summary
       8.1) Primitive and Black Box Usage
       8.2) Device utilization summary
       8.3) Partition Resource Summary
       8.4) Timing Report
            8.4.1) Clock Information
            8.4.2) Asynchronous Control Signals Information
            8.4.3) Timing Summary
            8.4.4) Timing Details
            8.4.5) Cross Clock Domains Report


=========================================================================
*                      Synthesis Options Summary                        *
=========================================================================
---- Source Parameters
Input File Name                    : "mips.prj"
Ignore Synthesis Constraint File   : NO

---- Target Parameters
Output File Name                   : "mips"
Output Format                      : NGC
Target Device                      : xc7a100t-3-csg324

---- Source Options
Top Module Name                    : mips
Automatic FSM Extraction           : YES
FSM Encoding Algorithm             : Auto
Safe Implementation                : No
FSM Style                          : LUT
RAM Extraction                     : Yes
RAM Style                          : Auto
ROM Extraction                     : Yes
Shift Register Extraction          : YES
ROM Style                          : Auto
Resource Sharing                   : YES
Asynchronous To Synchronous        : NO
Shift Register Minimum Size        : 2
Use DSP Block                      : Auto
Automatic Register Balancing       : No

---- Target Options
LUT Combining                      : Auto
Reduce Control Sets                : Auto
Add IO Buffers                     : YES
Global Maximum Fanout              : 100000
Add Generic Clock Buffer(BUFG)     : 32
Register Duplication               : YES
Optimize Instantiated Primitives   : NO
Use Clock Enable                   : Auto
Use Synchronous Set                : Auto
Use Synchronous Reset              : Auto
Pack IO Registers into IOBs        : Auto
Equivalent register Removal        : YES

---- General Options
Optimization Goal                  : Speed
Optimization Effort                : 1
Power Reduction                    : NO
Keep Hierarchy                     : No
Netlist Hierarchy                  : As_Optimized
RTL Output                         : Yes
Global Optimization                : AllClockNets
Read Cores                         : YES
Write Timing Constraints           : NO
Cross Clock Analysis               : NO
Hierarchy Separator                : /
Bus Delimiter                      : <>
Case Specifier                     : Maintain
Slice Utilization Ratio            : 100
BRAM Utilization Ratio             : 100
DSP48 Utilization Ratio            : 100
Auto BRAM Packing                  : NO
Slice Utilization Ratio Delta      : 5

=========================================================================


=========================================================================
*                          HDL Parsing                                  *
=========================================================================
Analyzing Verilog file "C:\Users\jinshenghao\mips\NPC.v" into library work
Parsing module <NPC>.
Analyzing Verilog file "C:\Users\jinshenghao\mips\MUX.v" into library work
Parsing module <RegA_MUX>.
Parsing module <ALUdataB_MUX>.
Parsing module <RegD_MUX>.
Analyzing Verilog file "C:\Users\jinshenghao\mips\IFU.v" into library work
Parsing module <IFU>.
Analyzing Verilog file "C:\Users\jinshenghao\mips\GRF.v" into library work
Parsing module <GRF>.
Analyzing Verilog file "C:\Users\jinshenghao\mips\DM.v" into library work
Parsing module <DM>.
Analyzing Verilog file "C:\Users\jinshenghao\mips\Controller.v" into library work
Parsing module <Controller>.
Analyzing Verilog file "C:\Users\jinshenghao\mips\ALU.v" into library work
Parsing module <ALU>.
Analyzing Verilog file "C:\Users\jinshenghao\mips\mips.v" into library work
Parsing module <mips>.

=========================================================================
*                            HDL Elaboration                            *
=========================================================================

Elaborating module <mips>.

Elaborating module <IFU>.
Reading initialization file \"code.txt\".
WARNING:HDLCompiler:1670 - "C:\Users\jinshenghao\mips\IFU.v" Line 50: Signal <im> in initial block is partially initialized.
WARNING:HDLCompiler:1127 - "C:\Users\jinshenghao\mips\mips.v" Line 45: Assignment to instr ignored, since the identifier is never used

Elaborating module <Controller>.
WARNING:HDLCompiler:1127 - "C:\Users\jinshenghao\mips\mips.v" Line 60: Assignment to ALUCtrl ignored, since the identifier is never used

Elaborating module <NPC>.

Elaborating module <RegA_MUX>.

Elaborating module <RegD_MUX>.

Elaborating module <GRF>.
"C:\Users\jinshenghao\mips\GRF.v" Line 55. $display @0: $0 <= 0

Elaborating module <ALUdataB_MUX>.
WARNING:HDLCompiler:413 - "C:\Users\jinshenghao\mips\MUX.v" Line 53: Result of 32-bit expression is truncated to fit in 1-bit target.
WARNING:HDLCompiler:413 - "C:\Users\jinshenghao\mips\MUX.v" Line 56: Result of 32-bit expression is truncated to fit in 1-bit target.
WARNING:HDLCompiler:413 - "C:\Users\jinshenghao\mips\MUX.v" Line 60: Result of 16-bit expression is truncated to fit in 1-bit target.
WARNING:HDLCompiler:189 - "C:\Users\jinshenghao\mips\mips.v" Line 119: Size mismatch in connection of port <EXT>. Formal port size is 1-bit while actual signal size is 2-bit.
WARNING:HDLCompiler:189 - "C:\Users\jinshenghao\mips\mips.v" Line 120: Size mismatch in connection of port <ALUdataB>. Formal port size is 1-bit while actual signal size is 32-bit.

Elaborating module <ALU>.
WARNING:HDLCompiler:413 - "C:\Users\jinshenghao\mips\ALU.v" Line 35: Result of 32-bit expression is truncated to fit in 1-bit target.
WARNING:HDLCompiler:189 - "C:\Users\jinshenghao\mips\mips.v" Line 126: Size mismatch in connection of port <ALUctrl>. Formal port size is 3-bit while actual signal size is 1-bit.

Elaborating module <DM>.
"C:\Users\jinshenghao\mips\DM.v" Line 50. $display @0: *0 <= 0
WARNING:HDLCompiler:634 - "C:\Users\jinshenghao\mips\mips.v" Line 126: Net <ALUctrl> does not have a driver.
WARNING:Xst:2972 - "C:\Users\jinshenghao\mips\mips.v" line 40. All outputs of instance <main_ifu> of block <IFU> are unconnected in block <mips>. Underlying logic will be removed.
WARNING:Xst:2972 - "C:\Users\jinshenghao\mips\mips.v" line 55. All outputs of instance <main_controller> of block <Controller> are unconnected in block <mips>. Underlying logic will be removed.
WARNING:Xst:2972 - "C:\Users\jinshenghao\mips\mips.v" line 71. All outputs of instance <instance_name> of block <NPC> are unconnected in block <mips>. Underlying logic will be removed.
WARNING:Xst:2972 - "C:\Users\jinshenghao\mips\mips.v" line 84. All outputs of instance <main_A3MUX> of block <RegA_MUX> are unconnected in block <mips>. Underlying logic will be removed.
WARNING:Xst:2972 - "C:\Users\jinshenghao\mips\mips.v" line 92. All outputs of instance <main_WD3MUX> of block <RegD_MUX> are unconnected in block <mips>. Underlying logic will be removed.
WARNING:Xst:2972 - "C:\Users\jinshenghao\mips\mips.v" line 102. All outputs of instance <main_grf> of block <GRF> are unconnected in block <mips>. Underlying logic will be removed.
WARNING:Xst:2972 - "C:\Users\jinshenghao\mips\mips.v" line 115. All outputs of instance <main_dataBMUX> of block <ALUdataB_MUX> are unconnected in block <mips>. Underlying logic will be removed.
WARNING:Xst:2972 - "C:\Users\jinshenghao\mips\mips.v" line 123. All outputs of instance <main_alu> of block <ALU> are unconnected in block <mips>. Underlying logic will be removed.
WARNING:Xst:2972 - "C:\Users\jinshenghao\mips\mips.v" line 131. All outputs of instance <main_dm> of block <DM> are unconnected in block <mips>. Underlying logic will be removed.

=========================================================================
*                           HDL Synthesis                               *
=========================================================================

Synthesizing Unit <mips>.
    Related source file is "C:\Users\jinshenghao\mips\mips.v".
INFO:Xst:3210 - "C:\Users\jinshenghao\mips\mips.v" line 40: Output port <instr> of the instance <main_ifu> is unconnected or connected to loadless signal.
INFO:Xst:3210 - "C:\Users\jinshenghao\mips\mips.v" line 55: Output port <ALUCtrl> of the instance <main_controller> is unconnected or connected to loadless signal.
WARNING:Xst:653 - Signal <ALUctrl> is used but never assigned. This sourceless signal will be automatically connected to value GND.
    Summary:
	no macro.
Unit <mips> synthesized.

=========================================================================
HDL Synthesis Report

Found no macro
=========================================================================

=========================================================================
*                       Advanced HDL Synthesis                          *
=========================================================================


=========================================================================
Advanced HDL Synthesis Report

Found no macro
=========================================================================

=========================================================================
*                         Low Level Synthesis                           *
=========================================================================

Optimizing unit <mips> ...

Mapping all equations...
Building and optimizing final netlist ...
Found area constraint ratio of 100 (+ 5) on block mips, actual ratio is 0.

Final Macro Processing ...

=========================================================================
Final Register Report

Found no macro
=========================================================================

=========================================================================
*                           Partition Report                            *
=========================================================================

Partition Implementation Status
-------------------------------

  No Partitions were found in this design.

-------------------------------

=========================================================================
*                            Design Summary                             *
=========================================================================

Top Level Output File Name         : mips.ngc

Primitive and Black Box Usage:
------------------------------

Device utilization summary:
---------------------------

Selected Device : 7a100tcsg324-3 


Slice Logic Utilization: 

Slice Logic Distribution: 
 Number of LUT Flip Flop pairs used:      0
   Number with an unused Flip Flop:       0  out of      0         
   Number with an unused LUT:             0  out of      0         
   Number of fully used LUT-FF pairs:     0  out of      0         
   Number of unique control sets:         0

IO Utilization: 
 Number of IOs:                           2
 Number of bonded IOBs:                   0  out of    210     0%  

Specific Feature Utilization:

---------------------------
Partition Resource Summary:
---------------------------

  No Partitions were found in this design.

---------------------------


=========================================================================
Timing Report

NOTE: THESE TIMING NUMBERS ARE ONLY A SYNTHESIS ESTIMATE.
      FOR ACCURATE TIMING INFORMATION PLEASE REFER TO THE TRACE REPORT
      GENERATED AFTER PLACE-and-ROUTE.

Clock Information:
------------------
No clock signals found in this design

Asynchronous Control Signals Information:
----------------------------------------
No asynchronous control signals found in this design

Timing Summary:
---------------
Speed Grade: -3

   Minimum period: No path found
   Minimum input arrival time before clock: No path found
   Maximum output required time after clock: No path found
   Maximum combinational path delay: No path found

Timing Details:
---------------
All values displayed in nanoseconds (ns)

=========================================================================

Cross Clock Domains Report:
--------------------------

=========================================================================


Total REAL time to Xst completion: 9.00 secs
Total CPU time to Xst completion: 8.89 secs
 
--> 

Total memory usage is 409556 kilobytes

Number of errors   :    0 (   0 filtered)
Number of warnings :   21 (   0 filtered)
Number of infos    :    2 (   0 filtered)

